0 info it worked if it ends with ok
1 verbose cli [ 'C:\\Program Files\\nodejs\\node.exe',
1 verbose cli   'C:\\Program Files\\nodejs\\node_modules\\npm\\bin\\npm-cli.js',
1 verbose cli   'install',
1 verbose cli   'oracledb',
1 verbose cli   '--save' ]
2 info using npm@3.10.10
3 info using node@v6.11.2
4 silly loadCurrentTree Starting
5 silly install loadCurrentTree
6 silly install readLocalPackageData
7 silly fetchPackageMetaData oracledb
8 silly fetchNamedPackageData oracledb
9 silly mapToRegistry name oracledb
10 silly mapToRegistry using default registry
11 silly mapToRegistry registry https://registry.npmjs.org/
12 silly mapToRegistry data Result {
12 silly mapToRegistry   raw: 'oracledb',
12 silly mapToRegistry   scope: null,
12 silly mapToRegistry   escapedName: 'oracledb',
12 silly mapToRegistry   name: 'oracledb',
12 silly mapToRegistry   rawSpec: '',
12 silly mapToRegistry   spec: 'latest',
12 silly mapToRegistry   type: 'tag' }
13 silly mapToRegistry uri https://registry.npmjs.org/oracledb
14 verbose request uri https://registry.npmjs.org/oracledb
15 verbose request no auth needed
16 info attempt registry request try #1 at 20:22:46
17 verbose request id 9f4f435eae0cc3d8
18 http request GET https://registry.npmjs.org/oracledb
19 http 200 https://registry.npmjs.org/oracledb
20 verbose headers { server: 'nginx/1.10.3',
20 verbose headers   'content-type': 'application/json',
20 verbose headers   'last-modified': 'Tue, 01 Aug 2017 20:30:21 GMT',
20 verbose headers   etag: 'W/"5980e4dd-b32d"',
20 verbose headers   'content-encoding': 'gzip',
20 verbose headers   'cache-control': 'max-age=300',
20 verbose headers   'content-length': '6396',
20 verbose headers   'accept-ranges': 'bytes',
20 verbose headers   date: 'Sun, 20 Aug 2017 23:23:39 GMT',
20 verbose headers   via: '1.1 varnish',
20 verbose headers   age: '0',
20 verbose headers   connection: 'keep-alive',
20 verbose headers   'x-served-by': 'cache-gru17132-GRU',
20 verbose headers   'x-cache': 'MISS',
20 verbose headers   'x-cache-hits': '0',
20 verbose headers   'x-timer': 'S1503271419.074433,VS0,VE190',
20 verbose headers   vary: 'Accept-Encoding, Accept' }
21 silly get cb [ 200,
21 silly get   { server: 'nginx/1.10.3',
21 silly get     'content-type': 'application/json',
21 silly get     'last-modified': 'Tue, 01 Aug 2017 20:30:21 GMT',
21 silly get     etag: 'W/"5980e4dd-b32d"',
21 silly get     'content-encoding': 'gzip',
21 silly get     'cache-control': 'max-age=300',
21 silly get     'content-length': '6396',
21 silly get     'accept-ranges': 'bytes',
21 silly get     date: 'Sun, 20 Aug 2017 23:23:39 GMT',
21 silly get     via: '1.1 varnish',
21 silly get     age: '0',
21 silly get     connection: 'keep-alive',
21 silly get     'x-served-by': 'cache-gru17132-GRU',
21 silly get     'x-cache': 'MISS',
21 silly get     'x-cache-hits': '0',
21 silly get     'x-timer': 'S1503271419.074433,VS0,VE190',
21 silly get     vary: 'Accept-Encoding, Accept' } ]
22 verbose get saving oracledb to C:\Users\Matheus\AppData\Roaming\npm-cache\registry.npmjs.org\oracledb\.cache.json
23 verbose correctMkdir C:\Users\Matheus\AppData\Roaming\npm-cache correctMkdir not in flight; initializing
24 silly install normalizeTree
25 silly loadCurrentTree Finishing
26 silly loadIdealTree Starting
27 silly install loadIdealTree
28 silly cloneCurrentTree Starting
29 silly install cloneCurrentTreeToIdealTree
30 silly cloneCurrentTree Finishing
31 silly loadShrinkwrap Starting
32 silly install loadShrinkwrap
33 silly loadShrinkwrap Finishing
34 silly loadAllDepsIntoIdealTree Starting
35 silly install loadAllDepsIntoIdealTree
36 silly resolveWithNewModule oracledb@1.13.1 checking installable status
37 silly cache add args [ 'oracledb', null ]
38 verbose cache add spec oracledb
39 silly cache add parsed spec Result {
39 silly cache add   raw: 'oracledb',
39 silly cache add   scope: null,
39 silly cache add   escapedName: 'oracledb',
39 silly cache add   name: 'oracledb',
39 silly cache add   rawSpec: '',
39 silly cache add   spec: 'latest',
39 silly cache add   type: 'tag' }
40 silly addNamed oracledb@latest
41 verbose addNamed "latest" is being treated as a dist-tag for oracledb
42 info addNameTag [ 'oracledb', 'latest' ]
43 silly mapToRegistry name oracledb
44 silly mapToRegistry using default registry
45 silly mapToRegistry registry https://registry.npmjs.org/
46 silly mapToRegistry data Result {
46 silly mapToRegistry   raw: 'oracledb',
46 silly mapToRegistry   scope: null,
46 silly mapToRegistry   escapedName: 'oracledb',
46 silly mapToRegistry   name: 'oracledb',
46 silly mapToRegistry   rawSpec: '',
46 silly mapToRegistry   spec: 'latest',
46 silly mapToRegistry   type: 'tag' }
47 silly mapToRegistry uri https://registry.npmjs.org/oracledb
48 verbose addNameTag registry:https://registry.npmjs.org/oracledb not in flight; fetching
49 verbose get https://registry.npmjs.org/oracledb not expired, no request
50 silly addNameTag next cb for oracledb with tag latest
51 silly addNamed oracledb@1.13.1
52 verbose addNamed "1.13.1" is a plain semver version for oracledb
53 silly mapToRegistry name oracledb
54 silly mapToRegistry using default registry
55 silly mapToRegistry registry https://registry.npmjs.org/
56 silly mapToRegistry data Result {
56 silly mapToRegistry   raw: 'oracledb',
56 silly mapToRegistry   scope: null,
56 silly mapToRegistry   escapedName: 'oracledb',
56 silly mapToRegistry   name: 'oracledb',
56 silly mapToRegistry   rawSpec: '',
56 silly mapToRegistry   spec: 'latest',
56 silly mapToRegistry   type: 'tag' }
57 silly mapToRegistry uri https://registry.npmjs.org/oracledb
58 verbose addRemoteTarball https://registry.npmjs.org/oracledb/-/oracledb-1.13.1.tgz not in flight; adding
59 verbose addRemoteTarball [ 'https://registry.npmjs.org/oracledb/-/oracledb-1.13.1.tgz',
59 verbose addRemoteTarball   '923164b5c192ceda01590e35268bb7017e24ad89' ]
60 info retry fetch attempt 1 at 20:22:47
61 info attempt registry request try #1 at 20:22:47
62 http fetch GET https://registry.npmjs.org/oracledb/-/oracledb-1.13.1.tgz
63 http fetch 200 https://registry.npmjs.org/oracledb/-/oracledb-1.13.1.tgz
64 silly fetchAndShaCheck shasum 923164b5c192ceda01590e35268bb7017e24ad89
65 verbose addTmpTarball C:\Users\Matheus\AppData\Local\Temp\npm-7764-eb4a7b26\registry.npmjs.org\oracledb\-\oracledb-1.13.1.tgz not in flight; adding
66 verbose addTmpTarball already have metadata; skipping unpack for oracledb@1.13.1
67 verbose correctMkdir C:\Users\Matheus\AppData\Roaming\npm-cache correctMkdir not in flight; initializing
68 silly cache afterAdd oracledb@1.13.1
69 verbose afterAdd C:\Users\Matheus\AppData\Roaming\npm-cache\oracledb\1.13.1\package\package.json not in flight; writing
70 verbose correctMkdir C:\Users\Matheus\AppData\Roaming\npm-cache correctMkdir not in flight; initializing
71 verbose afterAdd C:\Users\Matheus\AppData\Roaming\npm-cache\oracledb\1.13.1\package\package.json written
72 silly fetchNamedPackageData nan
73 silly mapToRegistry name nan
74 silly mapToRegistry using default registry
75 silly mapToRegistry registry https://registry.npmjs.org/
76 silly mapToRegistry data Result {
76 silly mapToRegistry   raw: 'nan',
76 silly mapToRegistry   scope: null,
76 silly mapToRegistry   escapedName: 'nan',
76 silly mapToRegistry   name: 'nan',
76 silly mapToRegistry   rawSpec: '',
76 silly mapToRegistry   spec: 'latest',
76 silly mapToRegistry   type: 'tag' }
77 silly mapToRegistry uri https://registry.npmjs.org/nan
78 verbose request uri https://registry.npmjs.org/nan
79 verbose request no auth needed
80 info attempt registry request try #1 at 20:22:48
81 http request GET https://registry.npmjs.org/nan
82 http 200 https://registry.npmjs.org/nan
83 verbose headers { server: 'nginx/1.10.1',
83 verbose headers   'content-type': 'application/json',
83 verbose headers   'last-modified': 'Thu, 27 Jul 2017 17:03:33 GMT',
83 verbose headers   etag: 'W/"597a1ce5-1fa1a"',
83 verbose headers   'content-encoding': 'gzip',
83 verbose headers   'cache-control': 'max-age=300',
83 verbose headers   'content-length': '15256',
83 verbose headers   'accept-ranges': 'bytes',
83 verbose headers   date: 'Sun, 20 Aug 2017 23:23:40 GMT',
83 verbose headers   via: '1.1 varnish',
83 verbose headers   age: '112',
83 verbose headers   connection: 'keep-alive',
83 verbose headers   'x-served-by': 'cache-gru17132-GRU',
83 verbose headers   'x-cache': 'HIT',
83 verbose headers   'x-cache-hits': '1',
83 verbose headers   'x-timer': 'S1503271420.360603,VS0,VE0',
83 verbose headers   vary: 'Accept-Encoding, Accept' }
84 silly get cb [ 200,
84 silly get   { server: 'nginx/1.10.1',
84 silly get     'content-type': 'application/json',
84 silly get     'last-modified': 'Thu, 27 Jul 2017 17:03:33 GMT',
84 silly get     etag: 'W/"597a1ce5-1fa1a"',
84 silly get     'content-encoding': 'gzip',
84 silly get     'cache-control': 'max-age=300',
84 silly get     'content-length': '15256',
84 silly get     'accept-ranges': 'bytes',
84 silly get     date: 'Sun, 20 Aug 2017 23:23:40 GMT',
84 silly get     via: '1.1 varnish',
84 silly get     age: '112',
84 silly get     connection: 'keep-alive',
84 silly get     'x-served-by': 'cache-gru17132-GRU',
84 silly get     'x-cache': 'HIT',
84 silly get     'x-cache-hits': '1',
84 silly get     'x-timer': 'S1503271420.360603,VS0,VE0',
84 silly get     vary: 'Accept-Encoding, Accept' } ]
85 verbose get saving nan to C:\Users\Matheus\AppData\Roaming\npm-cache\registry.npmjs.org\nan\.cache.json
86 verbose correctMkdir C:\Users\Matheus\AppData\Roaming\npm-cache correctMkdir not in flight; initializing
87 silly resolveWithNewModule nan@2.5.1 checking installable status
88 silly cache add args [ 'nan@~2.5.0', null ]
89 verbose cache add spec nan@~2.5.0
90 silly cache add parsed spec Result {
90 silly cache add   raw: 'nan@~2.5.0',
90 silly cache add   scope: null,
90 silly cache add   escapedName: 'nan',
90 silly cache add   name: 'nan',
90 silly cache add   rawSpec: '~2.5.0',
90 silly cache add   spec: '>=2.5.0 <2.6.0',
90 silly cache add   type: 'range' }
91 silly addNamed nan@>=2.5.0 <2.6.0
92 verbose addNamed ">=2.5.0 <2.6.0" is a valid semver range for nan
93 silly addNameRange { name: 'nan', range: '>=2.5.0 <2.6.0', hasData: false }
94 silly mapToRegistry name nan
95 silly mapToRegistry using default registry
96 silly mapToRegistry registry https://registry.npmjs.org/
97 silly mapToRegistry data Result {
97 silly mapToRegistry   raw: 'nan',
97 silly mapToRegistry   scope: null,
97 silly mapToRegistry   escapedName: 'nan',
97 silly mapToRegistry   name: 'nan',
97 silly mapToRegistry   rawSpec: '',
97 silly mapToRegistry   spec: 'latest',
97 silly mapToRegistry   type: 'tag' }
98 silly mapToRegistry uri https://registry.npmjs.org/nan
99 verbose addNameRange registry:https://registry.npmjs.org/nan not in flight; fetching
100 verbose get https://registry.npmjs.org/nan not expired, no request
101 silly addNameRange number 2 { name: 'nan', range: '>=2.5.0 <2.6.0', hasData: true }
102 silly addNameRange versions [ 'nan',
102 silly addNameRange   [ '0.3.0-wip',
102 silly addNameRange     '0.3.0-wip2',
102 silly addNameRange     '0.3.0',
102 silly addNameRange     '0.3.1',
102 silly addNameRange     '0.3.2',
102 silly addNameRange     '0.4.0',
102 silly addNameRange     '0.4.1',
102 silly addNameRange     '0.4.2',
102 silly addNameRange     '0.4.3',
102 silly addNameRange     '0.4.4',
102 silly addNameRange     '0.5.0',
102 silly addNameRange     '0.5.1',
102 silly addNameRange     '0.5.2',
102 silly addNameRange     '0.6.0',
102 silly addNameRange     '0.7.0',
102 silly addNameRange     '0.7.1',
102 silly addNameRange     '0.8.0',
102 silly addNameRange     '1.0.0',
102 silly addNameRange     '1.1.0',
102 silly addNameRange     '1.1.1',
102 silly addNameRange     '1.1.2',
102 silly addNameRange     '1.2.0',
102 silly addNameRange     '1.3.0',
102 silly addNameRange     '1.4.0',
102 silly addNameRange     '1.4.1',
102 silly addNameRange     '1.5.0',
102 silly addNameRange     '1.4.2',
102 silly addNameRange     '1.4.3',
102 silly addNameRange     '1.5.1',
102 silly addNameRange     '1.5.2',
102 silly addNameRange     '1.6.0',
102 silly addNameRange     '1.5.3',
102 silly addNameRange     '1.6.1',
102 silly addNameRange     '1.6.2',
102 silly addNameRange     '1.7.0',
102 silly addNameRange     '1.8.0',
102 silly addNameRange     '1.8.1',
102 silly addNameRange     '1.8.2',
102 silly addNameRange     '1.8.3',
102 silly addNameRange     '1.8.4',
102 silly addNameRange     '1.9.0',
102 silly addNameRange     '2.0.0',
102 silly addNameRange     '2.0.1',
102 silly addNameRange     '2.0.2',
102 silly addNameRange     '2.0.3',
102 silly addNameRange     '2.0.4',
102 silly addNameRange     '2.0.5',
102 silly addNameRange     '2.0.6',
102 silly addNameRange     '2.0.7',
102 silly addNameRange     '2.0.8',
102 silly addNameRange     '2.0.9',
102 silly addNameRange     '2.1.0',
102 silly addNameRange     '2.2.0',
102 silly addNameRange     '2.2.1',
102 silly addNameRange     '2.3.0',
102 silly addNameRange     '2.3.1',
102 silly addNameRange     '2.3.2',
102 silly addNameRange     '2.3.3',
102 silly addNameRange     '2.3.4',
102 silly addNameRange     '2.3.5',
102 silly addNameRange     '2.4.0',
102 silly addNameRange     '2.5.0',
102 silly addNameRange     '2.5.1',
102 silly addNameRange     '2.6.0',
102 silly addNameRange     '2.6.1',
102 silly addNameRange     '2.6.2' ] ]
103 silly addNamed nan@2.5.1
104 verbose addNamed "2.5.1" is a plain semver version for nan
105 silly mapToRegistry name nan
106 silly mapToRegistry using default registry
107 silly mapToRegistry registry https://registry.npmjs.org/
108 silly mapToRegistry data Result {
108 silly mapToRegistry   raw: 'nan',
108 silly mapToRegistry   scope: null,
108 silly mapToRegistry   escapedName: 'nan',
108 silly mapToRegistry   name: 'nan',
108 silly mapToRegistry   rawSpec: '',
108 silly mapToRegistry   spec: 'latest',
108 silly mapToRegistry   type: 'tag' }
109 silly mapToRegistry uri https://registry.npmjs.org/nan
110 verbose addRemoteTarball https://registry.npmjs.org/nan/-/nan-2.5.1.tgz not in flight; adding
111 verbose addRemoteTarball [ 'https://registry.npmjs.org/nan/-/nan-2.5.1.tgz',
111 verbose addRemoteTarball   'd5b01691253326a97a2bbee9e61c55d8d60351e2' ]
112 info retry fetch attempt 1 at 20:22:48
113 info attempt registry request try #1 at 20:22:48
114 http fetch GET https://registry.npmjs.org/nan/-/nan-2.5.1.tgz
115 http fetch 200 https://registry.npmjs.org/nan/-/nan-2.5.1.tgz
116 silly fetchAndShaCheck shasum d5b01691253326a97a2bbee9e61c55d8d60351e2
117 verbose addTmpTarball C:\Users\Matheus\AppData\Local\Temp\npm-7764-eb4a7b26\registry.npmjs.org\nan\-\nan-2.5.1.tgz not in flight; adding
118 verbose addTmpTarball already have metadata; skipping unpack for nan@2.5.1
119 verbose correctMkdir C:\Users\Matheus\AppData\Roaming\npm-cache correctMkdir not in flight; initializing
120 silly cache afterAdd nan@2.5.1
121 verbose afterAdd C:\Users\Matheus\AppData\Roaming\npm-cache\nan\2.5.1\package\package.json not in flight; writing
122 verbose correctMkdir C:\Users\Matheus\AppData\Roaming\npm-cache correctMkdir not in flight; initializing
123 verbose afterAdd C:\Users\Matheus\AppData\Roaming\npm-cache\nan\2.5.1\package\package.json written
124 silly loadAllDepsIntoIdealTree Finishing
125 silly loadIdealTree Finishing
126 silly currentTree casa-do-codigo@1.0.0
126 silly currentTree +-- accepts@1.3.3
126 silly currentTree +-- array-flatten@1.1.1
126 silly currentTree +-- bignumber.js@4.0.2
126 silly currentTree +-- content-disposition@0.5.2
126 silly currentTree +-- content-type@1.0.2
126 silly currentTree +-- cookie-signature@1.0.6
126 silly currentTree +-- cookie@0.3.1
126 silly currentTree +-- core-util-is@1.0.2
126 silly currentTree +-- debug@2.6.8
126 silly currentTree +-- depd@1.1.1
126 silly currentTree +-- destroy@1.0.4
126 silly currentTree +-- ee-first@1.1.1
126 silly currentTree +-- ejs@2.5.7
126 silly currentTree +-- encodeurl@1.0.1
126 silly currentTree +-- escape-html@1.0.3
126 silly currentTree +-- etag@1.8.0
126 silly currentTree +-- express@4.15.4
126 silly currentTree +-- finalhandler@1.0.4
126 silly currentTree +-- forwarded@0.1.0
126 silly currentTree +-- fresh@0.5.0
126 silly currentTree +-- http-errors@1.6.2
126 silly currentTree +-- inherits@2.0.3
126 silly currentTree +-- ipaddr.js@1.4.0
126 silly currentTree +-- isarray@1.0.0
126 silly currentTree +-- media-typer@0.3.0
126 silly currentTree +-- merge-descriptors@1.0.1
126 silly currentTree +-- methods@1.1.2
126 silly currentTree +-- mime-db@1.29.0
126 silly currentTree +-- mime-types@2.1.16
126 silly currentTree +-- mime@1.3.4
126 silly currentTree +-- ms@2.0.0
126 silly currentTree +-- mysql@2.14.1
126 silly currentTree +-- negotiator@0.6.1
126 silly currentTree +-- on-finished@2.3.0
126 silly currentTree +-- parseurl@1.3.1
126 silly currentTree +-- path-to-regexp@0.1.7
126 silly currentTree +-- process-nextick-args@1.0.7
126 silly currentTree +-- proxy-addr@1.1.5
126 silly currentTree +-- qs@6.5.0
126 silly currentTree +-- range-parser@1.2.0
126 silly currentTree +-- readable-stream@2.3.3
126 silly currentTree +-- safe-buffer@5.1.1
126 silly currentTree +-- send@0.15.4
126 silly currentTree +-- serve-static@1.12.4
126 silly currentTree +-- setprototypeof@1.0.3
126 silly currentTree +-- sqlstring@2.2.0
126 silly currentTree +-- statuses@1.3.1
126 silly currentTree +-- string_decoder@1.0.3
126 silly currentTree +-- type-is@1.6.15
126 silly currentTree +-- unpipe@1.0.0
126 silly currentTree +-- util-deprecate@1.0.2
126 silly currentTree +-- utils-merge@1.0.0
126 silly currentTree `-- vary@1.1.1
127 silly idealTree casa-do-codigo@1.0.0
127 silly idealTree +-- accepts@1.3.3
127 silly idealTree +-- array-flatten@1.1.1
127 silly idealTree +-- bignumber.js@4.0.2
127 silly idealTree +-- content-disposition@0.5.2
127 silly idealTree +-- content-type@1.0.2
127 silly idealTree +-- cookie-signature@1.0.6
127 silly idealTree +-- cookie@0.3.1
127 silly idealTree +-- core-util-is@1.0.2
127 silly idealTree +-- debug@2.6.8
127 silly idealTree +-- depd@1.1.1
127 silly idealTree +-- destroy@1.0.4
127 silly idealTree +-- ee-first@1.1.1
127 silly idealTree +-- ejs@2.5.7
127 silly idealTree +-- encodeurl@1.0.1
127 silly idealTree +-- escape-html@1.0.3
127 silly idealTree +-- etag@1.8.0
127 silly idealTree +-- express@4.15.4
127 silly idealTree +-- finalhandler@1.0.4
127 silly idealTree +-- forwarded@0.1.0
127 silly idealTree +-- fresh@0.5.0
127 silly idealTree +-- http-errors@1.6.2
127 silly idealTree +-- inherits@2.0.3
127 silly idealTree +-- ipaddr.js@1.4.0
127 silly idealTree +-- isarray@1.0.0
127 silly idealTree +-- media-typer@0.3.0
127 silly idealTree +-- merge-descriptors@1.0.1
127 silly idealTree +-- methods@1.1.2
127 silly idealTree +-- mime-db@1.29.0
127 silly idealTree +-- mime-types@2.1.16
127 silly idealTree +-- mime@1.3.4
127 silly idealTree +-- ms@2.0.0
127 silly idealTree +-- mysql@2.14.1
127 silly idealTree +-- nan@2.5.1
127 silly idealTree +-- negotiator@0.6.1
127 silly idealTree +-- on-finished@2.3.0
127 silly idealTree +-- oracledb@1.13.1
127 silly idealTree +-- parseurl@1.3.1
127 silly idealTree +-- path-to-regexp@0.1.7
127 silly idealTree +-- process-nextick-args@1.0.7
127 silly idealTree +-- proxy-addr@1.1.5
127 silly idealTree +-- qs@6.5.0
127 silly idealTree +-- range-parser@1.2.0
127 silly idealTree +-- readable-stream@2.3.3
127 silly idealTree +-- safe-buffer@5.1.1
127 silly idealTree +-- send@0.15.4
127 silly idealTree +-- serve-static@1.12.4
127 silly idealTree +-- setprototypeof@1.0.3
127 silly idealTree +-- sqlstring@2.2.0
127 silly idealTree +-- statuses@1.3.1
127 silly idealTree +-- string_decoder@1.0.3
127 silly idealTree +-- type-is@1.6.15
127 silly idealTree +-- unpipe@1.0.0
127 silly idealTree +-- util-deprecate@1.0.2
127 silly idealTree +-- utils-merge@1.0.0
127 silly idealTree `-- vary@1.1.1
128 silly generateActionsToTake Starting
129 silly install generateActionsToTake
130 silly generateActionsToTake Finishing
131 silly diffTrees action count 2
132 silly diffTrees add nan@2.5.1
133 silly diffTrees add oracledb@1.13.1
134 silly decomposeActions action count 16
135 silly decomposeActions fetch nan@2.5.1
136 silly decomposeActions extract nan@2.5.1
137 silly decomposeActions test nan@2.5.1
138 silly decomposeActions preinstall nan@2.5.1
139 silly decomposeActions build nan@2.5.1
140 silly decomposeActions install nan@2.5.1
141 silly decomposeActions postinstall nan@2.5.1
142 silly decomposeActions finalize nan@2.5.1
143 silly decomposeActions fetch oracledb@1.13.1
144 silly decomposeActions extract oracledb@1.13.1
145 silly decomposeActions test oracledb@1.13.1
146 silly decomposeActions preinstall oracledb@1.13.1
147 silly decomposeActions build oracledb@1.13.1
148 silly decomposeActions install oracledb@1.13.1
149 silly decomposeActions postinstall oracledb@1.13.1
150 silly decomposeActions finalize oracledb@1.13.1
151 silly runTopLevelLifecycles Starting
152 silly executeActions Starting
153 silly install executeActions
154 silly doSerial global-install 0
155 silly doParallel fetch 2
156 verbose correctMkdir C:\Users\Matheus\AppData\Roaming\npm-cache\_locks correctMkdir not in flight; initializing
157 verbose lock using C:\Users\Matheus\AppData\Roaming\npm-cache\_locks\staging-1c167103f1d541ef.lock for C:\Users\Matheus\Desktop\TCC_Pre_banca\MVP\NJS\casa-do-codigo\node_modules\.staging
158 silly doParallel extract 2
159 silly extract nan@2.5.1
160 silly extract oracledb@1.13.1
161 verbose unbuild node_modules\.staging\oracledb-d4e3f246
162 verbose unbuild node_modules\.staging\nan-d0513170
163 silly gentlyRm C:\Users\Matheus\Desktop\TCC_Pre_banca\MVP\NJS\casa-do-codigo\node_modules\.staging\oracledb-d4e3f246 is being purged from base C:\Users\Matheus\Desktop\TCC_Pre_banca\MVP\NJS\casa-do-codigo
164 verbose gentlyRm don't care about contents; nuking C:\Users\Matheus\Desktop\TCC_Pre_banca\MVP\NJS\casa-do-codigo\node_modules\.staging\oracledb-d4e3f246
165 silly gentlyRm C:\Users\Matheus\Desktop\TCC_Pre_banca\MVP\NJS\casa-do-codigo\node_modules\.staging\nan-d0513170 is being purged from base C:\Users\Matheus\Desktop\TCC_Pre_banca\MVP\NJS\casa-do-codigo
166 verbose gentlyRm don't care about contents; nuking C:\Users\Matheus\Desktop\TCC_Pre_banca\MVP\NJS\casa-do-codigo\node_modules\.staging\nan-d0513170
167 verbose tar unpack C:\Users\Matheus\AppData\Roaming\npm-cache\oracledb\1.13.1\package.tgz
168 verbose tar unpacking to C:\Users\Matheus\Desktop\TCC_Pre_banca\MVP\NJS\casa-do-codigo\node_modules\.staging\oracledb-d4e3f246
169 silly gentlyRm C:\Users\Matheus\Desktop\TCC_Pre_banca\MVP\NJS\casa-do-codigo\node_modules\.staging\oracledb-d4e3f246 is being purged
170 verbose gentlyRm don't care about contents; nuking C:\Users\Matheus\Desktop\TCC_Pre_banca\MVP\NJS\casa-do-codigo\node_modules\.staging\oracledb-d4e3f246
171 verbose tar unpack C:\Users\Matheus\AppData\Roaming\npm-cache\nan\2.5.1\package.tgz
172 verbose tar unpacking to C:\Users\Matheus\Desktop\TCC_Pre_banca\MVP\NJS\casa-do-codigo\node_modules\.staging\nan-d0513170
173 silly gentlyRm C:\Users\Matheus\Desktop\TCC_Pre_banca\MVP\NJS\casa-do-codigo\node_modules\.staging\nan-d0513170 is being purged
174 verbose gentlyRm don't care about contents; nuking C:\Users\Matheus\Desktop\TCC_Pre_banca\MVP\NJS\casa-do-codigo\node_modules\.staging\nan-d0513170
175 silly gunzTarPerm modes [ '777', '666' ]
176 silly gunzTarPerm modes [ '777', '666' ]
177 silly gunzTarPerm extractEntry package.json
178 silly gunzTarPerm modified mode [ 'package.json', 420, 438 ]
179 silly gunzTarPerm extractEntry package.json
180 silly gunzTarPerm modified mode [ 'package.json', 436, 438 ]
181 silly gunzTarPerm extractEntry README.md
182 silly gunzTarPerm modified mode [ 'README.md', 420, 438 ]
183 silly gunzTarPerm extractEntry index.js
184 silly gunzTarPerm modified mode [ 'index.js', 420, 438 ]
185 silly gunzTarPerm extractEntry README.md
186 silly gunzTarPerm modified mode [ 'README.md', 436, 438 ]
187 silly gunzTarPerm extractEntry include_dirs.js
188 silly gunzTarPerm modified mode [ 'include_dirs.js', 436, 438 ]
189 silly gunzTarPerm extractEntry nan_converters.h
190 silly gunzTarPerm modified mode [ 'nan_converters.h', 436, 438 ]
191 silly gunzTarPerm extractEntry CHANGELOG.md
192 silly gunzTarPerm modified mode [ 'CHANGELOG.md', 436, 438 ]
193 silly gunzTarPerm extractEntry LICENSE.md
194 silly gunzTarPerm modified mode [ 'LICENSE.md', 436, 438 ]
195 silly gunzTarPerm extractEntry doc/node_misc.md
196 silly gunzTarPerm modified mode [ 'doc/node_misc.md', 436, 438 ]
197 silly gunzTarPerm extractEntry CHANGELOG.md
198 silly gunzTarPerm modified mode [ 'CHANGELOG.md', 420, 438 ]
199 silly gunzTarPerm extractEntry LICENSE.md
200 silly gunzTarPerm modified mode [ 'LICENSE.md', 420, 438 ]
201 silly gunzTarPerm extractEntry binding.gyp
202 silly gunzTarPerm modified mode [ 'binding.gyp', 420, 438 ]
203 silly gunzTarPerm extractEntry lib/connection.js
204 silly gunzTarPerm modified mode [ 'lib/connection.js', 420, 438 ]
205 silly gunzTarPerm extractEntry doc/asyncworker.md
206 silly gunzTarPerm modified mode [ 'doc/asyncworker.md', 436, 438 ]
207 silly gunzTarPerm extractEntry doc/callback.md
208 silly gunzTarPerm modified mode [ 'doc/callback.md', 436, 438 ]
209 silly gunzTarPerm extractEntry lib/lob.js
210 silly gunzTarPerm modified mode [ 'lib/lob.js', 420, 438 ]
211 silly gunzTarPerm extractEntry lib/oracledb.js
212 silly gunzTarPerm modified mode [ 'lib/oracledb.js', 420, 438 ]
213 silly gunzTarPerm extractEntry lib/pool.js
214 silly gunzTarPerm modified mode [ 'lib/pool.js', 420, 438 ]
215 silly gunzTarPerm extractEntry doc/converters.md
216 silly gunzTarPerm modified mode [ 'doc/converters.md', 436, 438 ]
217 silly gunzTarPerm extractEntry doc/errors.md
218 silly gunzTarPerm modified mode [ 'doc/errors.md', 436, 438 ]
219 silly gunzTarPerm extractEntry lib/querystream.js
220 silly gunzTarPerm modified mode [ 'lib/querystream.js', 420, 438 ]
221 silly gunzTarPerm extractEntry lib/resultset.js
222 silly gunzTarPerm modified mode [ 'lib/resultset.js', 420, 438 ]
223 silly gunzTarPerm extractEntry lib/util.js
224 silly gunzTarPerm modified mode [ 'lib/util.js', 420, 438 ]
225 silly gunzTarPerm extractEntry src/dpi/include/dpi.h
226 silly gunzTarPerm modified mode [ 'src/dpi/include/dpi.h', 420, 438 ]
227 silly gunzTarPerm extractEntry doc/maybe_types.md
228 silly gunzTarPerm modified mode [ 'doc/maybe_types.md', 436, 438 ]
229 silly gunzTarPerm extractEntry doc/methods.md
230 silly gunzTarPerm modified mode [ 'doc/methods.md', 436, 438 ]
231 silly gunzTarPerm extractEntry doc/new.md
232 silly gunzTarPerm modified mode [ 'doc/new.md', 436, 438 ]
233 silly gunzTarPerm extractEntry src/dpi/include/dpiCommon.h
234 silly gunzTarPerm modified mode [ 'src/dpi/include/dpiCommon.h', 420, 438 ]
235 silly gunzTarPerm extractEntry src/dpi/include/dpiConn.h
236 silly gunzTarPerm modified mode [ 'src/dpi/include/dpiConn.h', 420, 438 ]
237 silly gunzTarPerm extractEntry doc/buffers.md
238 silly gunzTarPerm modified mode [ 'doc/buffers.md', 436, 438 ]
239 silly gunzTarPerm extractEntry doc/object_wrappers.md
240 silly gunzTarPerm modified mode [ 'doc/object_wrappers.md', 436, 438 ]
241 silly gunzTarPerm extractEntry src/dpi/include/dpiDateTimeArray.h
242 silly gunzTarPerm modified mode [ 'src/dpi/include/dpiDateTimeArray.h', 420, 438 ]
243 silly gunzTarPerm extractEntry src/dpi/include/dpiEnv.h
244 silly gunzTarPerm modified mode [ 'src/dpi/include/dpiEnv.h', 420, 438 ]
245 silly gunzTarPerm extractEntry doc/persistent.md
246 silly gunzTarPerm modified mode [ 'doc/persistent.md', 436, 438 ]
247 silly gunzTarPerm extractEntry doc/scopes.md
248 silly gunzTarPerm modified mode [ 'doc/scopes.md', 436, 438 ]
249 silly gunzTarPerm extractEntry src/dpi/include/dpiException.h
250 silly gunzTarPerm modified mode [ 'src/dpi/include/dpiException.h', 420, 438 ]
251 silly gunzTarPerm extractEntry src/dpi/include/dpiLob.h
252 silly gunzTarPerm modified mode [ 'src/dpi/include/dpiLob.h', 420, 438 ]
253 silly gunzTarPerm extractEntry doc/script.md
254 silly gunzTarPerm modified mode [ 'doc/script.md', 436, 438 ]
255 silly gunzTarPerm extractEntry doc/string_bytes.md
256 silly gunzTarPerm modified mode [ 'doc/string_bytes.md', 436, 438 ]
257 silly gunzTarPerm extractEntry src/dpi/include/dpiPool.h
258 silly gunzTarPerm modified mode [ 'src/dpi/include/dpiPool.h', 420, 438 ]
259 silly gunzTarPerm extractEntry src/dpi/include/dpiStmt.h
260 silly gunzTarPerm modified mode [ 'src/dpi/include/dpiStmt.h', 420, 438 ]
261 silly gunzTarPerm extractEntry doc/v8_internals.md
262 silly gunzTarPerm modified mode [ 'doc/v8_internals.md', 436, 438 ]
263 silly gunzTarPerm extractEntry doc/v8_misc.md
264 silly gunzTarPerm modified mode [ 'doc/v8_misc.md', 436, 438 ]
265 silly gunzTarPerm extractEntry src/dpi/src/dpiExceptionImpl.cpp
266 silly gunzTarPerm modified mode [ 'src/dpi/src/dpiExceptionImpl.cpp', 420, 438 ]
267 silly gunzTarPerm extractEntry src/dpi/src/dpiCommon.cpp
268 silly gunzTarPerm modified mode [ 'src/dpi/src/dpiCommon.cpp', 420, 438 ]
269 silly gunzTarPerm extractEntry nan.h
270 silly gunzTarPerm modified mode [ 'nan.h', 436, 438 ]
271 silly gunzTarPerm extractEntry nan_callbacks.h
272 silly gunzTarPerm modified mode [ 'nan_callbacks.h', 436, 438 ]
273 silly gunzTarPerm extractEntry nan_callbacks_12_inl.h
274 silly gunzTarPerm modified mode [ 'nan_callbacks_12_inl.h', 436, 438 ]
275 silly gunzTarPerm extractEntry nan_callbacks_pre_12_inl.h
276 silly gunzTarPerm modified mode [ 'nan_callbacks_pre_12_inl.h', 436, 438 ]
277 silly gunzTarPerm extractEntry src/dpi/src/dpiConnImpl.h
278 silly gunzTarPerm modified mode [ 'src/dpi/src/dpiConnImpl.h', 420, 438 ]
279 silly gunzTarPerm extractEntry src/dpi/src/dpiDateTimeArrayImpl.cpp
280 silly gunzTarPerm modified mode [ 'src/dpi/src/dpiDateTimeArrayImpl.cpp', 420, 438 ]
281 silly gunzTarPerm extractEntry nan_converters_43_inl.h
282 silly gunzTarPerm modified mode [ 'nan_converters_43_inl.h', 436, 438 ]
283 silly gunzTarPerm extractEntry nan_converters_pre_43_inl.h
284 silly gunzTarPerm modified mode [ 'nan_converters_pre_43_inl.h', 436, 438 ]
285 silly gunzTarPerm extractEntry nan_implementation_12_inl.h
286 silly gunzTarPerm modified mode [ 'nan_implementation_12_inl.h', 436, 438 ]
287 silly gunzTarPerm extractEntry src/dpi/src/dpiDateTimeArrayImpl.h
288 silly gunzTarPerm modified mode [ 'src/dpi/src/dpiDateTimeArrayImpl.h', 420, 438 ]
289 silly gunzTarPerm extractEntry src/dpi/src/dpiEnv.cpp
290 silly gunzTarPerm modified mode [ 'src/dpi/src/dpiEnv.cpp', 420, 438 ]
291 silly gunzTarPerm extractEntry nan_implementation_pre_12_inl.h
292 silly gunzTarPerm modified mode [ 'nan_implementation_pre_12_inl.h', 436, 438 ]
293 silly gunzTarPerm extractEntry nan_maybe_43_inl.h
294 silly gunzTarPerm modified mode [ 'nan_maybe_43_inl.h', 436, 438 ]
295 silly gunzTarPerm extractEntry nan_maybe_pre_43_inl.h
296 silly gunzTarPerm modified mode [ 'nan_maybe_pre_43_inl.h', 436, 438 ]
297 silly gunzTarPerm extractEntry nan_new.h
298 silly gunzTarPerm modified mode [ 'nan_new.h', 436, 438 ]
299 silly gunzTarPerm extractEntry src/dpi/src/dpiEnvImpl.cpp
300 silly gunzTarPerm modified mode [ 'src/dpi/src/dpiEnvImpl.cpp', 420, 438 ]
301 silly gunzTarPerm extractEntry src/dpi/src/dpiEnvImpl.h
302 silly gunzTarPerm modified mode [ 'src/dpi/src/dpiEnvImpl.h', 420, 438 ]
303 silly gunzTarPerm extractEntry nan_object_wrap.h
304 silly gunzTarPerm modified mode [ 'nan_object_wrap.h', 436, 438 ]
305 silly gunzTarPerm extractEntry src/dpi/src/dpiException.cpp
306 silly gunzTarPerm modified mode [ 'src/dpi/src/dpiException.cpp', 420, 438 ]
307 silly gunzTarPerm extractEntry src/dpi/src/dpiConnImpl.cpp
308 silly gunzTarPerm modified mode [ 'src/dpi/src/dpiConnImpl.cpp', 420, 438 ]
309 silly gunzTarPerm extractEntry nan_persistent_12_inl.h
310 silly gunzTarPerm modified mode [ 'nan_persistent_12_inl.h', 436, 438 ]
311 silly gunzTarPerm extractEntry nan_persistent_pre_12_inl.h
312 silly gunzTarPerm modified mode [ 'nan_persistent_pre_12_inl.h', 436, 438 ]
313 silly gunzTarPerm extractEntry nan_private.h
314 silly gunzTarPerm modified mode [ 'nan_private.h', 436, 438 ]
315 silly gunzTarPerm extractEntry nan_string_bytes.h
316 silly gunzTarPerm modified mode [ 'nan_string_bytes.h', 436, 438 ]
317 silly gunzTarPerm extractEntry src/dpi/src/dpiExceptionImpl.h
318 silly gunzTarPerm modified mode [ 'src/dpi/src/dpiExceptionImpl.h', 420, 438 ]
319 silly gunzTarPerm extractEntry src/dpi/src/dpiLob.cpp
320 silly gunzTarPerm modified mode [ 'src/dpi/src/dpiLob.cpp', 420, 438 ]
321 silly gunzTarPerm extractEntry nan_typedarray_contents.h
322 silly gunzTarPerm modified mode [ 'nan_typedarray_contents.h', 436, 438 ]
323 silly gunzTarPerm extractEntry nan_weak.h
324 silly gunzTarPerm modified mode [ 'nan_weak.h', 436, 438 ]
325 silly gunzTarPerm extractEntry tools/package.json
326 silly gunzTarPerm modified mode [ 'tools/package.json', 436, 438 ]
327 silly gunzTarPerm extractEntry tools/README.md
328 silly gunzTarPerm modified mode [ 'tools/README.md', 436, 438 ]
329 silly gunzTarPerm extractEntry src/dpi/src/dpiPoolImpl.cpp
330 silly gunzTarPerm modified mode [ 'src/dpi/src/dpiPoolImpl.cpp', 420, 438 ]
331 silly gunzTarPerm extractEntry src/dpi/src/dpiPoolImpl.h
332 silly gunzTarPerm modified mode [ 'src/dpi/src/dpiPoolImpl.h', 420, 438 ]
333 silly gunzTarPerm extractEntry tools/1to2.js
334 silly gunzTarPerm modified mode [ 'tools/1to2.js', 509, 511 ]
335 silly gunzTarPerm extractEntry src/dpi/src/dpiStmtImpl.cpp
336 silly gunzTarPerm modified mode [ 'src/dpi/src/dpiStmtImpl.cpp', 420, 438 ]
337 silly gunzTarPerm extractEntry src/dpi/src/dpiStmtImpl.h
338 silly gunzTarPerm modified mode [ 'src/dpi/src/dpiStmtImpl.h', 420, 438 ]
339 silly gunzTarPerm extractEntry src/dpi/src/dpiUtils.cpp
340 silly gunzTarPerm modified mode [ 'src/dpi/src/dpiUtils.cpp', 420, 438 ]
341 silly gunzTarPerm extractEntry src/dpi/src/dpiUtils.h
342 silly gunzTarPerm modified mode [ 'src/dpi/src/dpiUtils.h', 420, 438 ]
343 silly gunzTarPerm extractEntry src/njs/src/njsOracle.cpp
344 silly gunzTarPerm modified mode [ 'src/njs/src/njsOracle.cpp', 420, 438 ]
345 silly gunzTarPerm extractEntry src/njs/src/njsConnection.cpp
346 silly gunzTarPerm modified mode [ 'src/njs/src/njsConnection.cpp', 420, 438 ]
347 silly gunzTarPerm extractEntry src/njs/src/njsIntLob.cpp
348 silly gunzTarPerm modified mode [ 'src/njs/src/njsIntLob.cpp', 420, 438 ]
349 silly gunzTarPerm extractEntry src/njs/src/njsIntLob.h
350 silly gunzTarPerm modified mode [ 'src/njs/src/njsIntLob.h', 420, 438 ]
351 silly gunzTarPerm extractEntry src/njs/src/njsMessages.cpp
352 silly gunzTarPerm modified mode [ 'src/njs/src/njsMessages.cpp', 420, 438 ]
353 silly gunzTarPerm extractEntry src/njs/src/njsMessages.h
354 silly gunzTarPerm modified mode [ 'src/njs/src/njsMessages.h', 420, 438 ]
355 silly gunzTarPerm extractEntry src/njs/src/njsConnection.h
356 silly gunzTarPerm modified mode [ 'src/njs/src/njsConnection.h', 420, 438 ]
357 silly gunzTarPerm extractEntry src/njs/src/njsOracle.h
358 silly gunzTarPerm modified mode [ 'src/njs/src/njsOracle.h', 420, 438 ]
359 silly gunzTarPerm extractEntry src/njs/src/njsPool.cpp
360 silly gunzTarPerm modified mode [ 'src/njs/src/njsPool.cpp', 420, 438 ]
361 silly gunzTarPerm extractEntry src/njs/src/njsPool.h
362 silly gunzTarPerm modified mode [ 'src/njs/src/njsPool.h', 420, 438 ]
363 silly gunzTarPerm extractEntry src/njs/src/njsResultSet.cpp
364 silly gunzTarPerm modified mode [ 'src/njs/src/njsResultSet.cpp', 420, 438 ]
365 silly gunzTarPerm extractEntry src/njs/src/njsResultSet.h
366 silly gunzTarPerm modified mode [ 'src/njs/src/njsResultSet.h', 420, 438 ]
367 silly gunzTarPerm extractEntry src/njs/src/njsUtils.h
368 silly gunzTarPerm modified mode [ 'src/njs/src/njsUtils.h', 420, 438 ]
369 silly gentlyRm C:\Users\Matheus\Desktop\TCC_Pre_banca\MVP\NJS\casa-do-codigo\node_modules\.staging\nan-d0513170\node_modules is being purged
370 verbose gentlyRm don't care about contents; nuking C:\Users\Matheus\Desktop\TCC_Pre_banca\MVP\NJS\casa-do-codigo\node_modules\.staging\nan-d0513170\node_modules
371 silly gentlyRm C:\Users\Matheus\Desktop\TCC_Pre_banca\MVP\NJS\casa-do-codigo\node_modules\.staging\oracledb-d4e3f246\node_modules is being purged
372 verbose gentlyRm don't care about contents; nuking C:\Users\Matheus\Desktop\TCC_Pre_banca\MVP\NJS\casa-do-codigo\node_modules\.staging\oracledb-d4e3f246\node_modules
373 silly doParallel preinstall 2
374 silly preinstall nan@2.5.1 C:\Users\Matheus\Desktop\TCC_Pre_banca\MVP\NJS\casa-do-codigo\node_modules\.staging\nan-d0513170
375 info lifecycle nan@2.5.1~preinstall: nan@2.5.1
376 silly preinstall oracledb@1.13.1 C:\Users\Matheus\Desktop\TCC_Pre_banca\MVP\NJS\casa-do-codigo\node_modules\.staging\oracledb-d4e3f246
377 info lifecycle oracledb@1.13.1~preinstall: oracledb@1.13.1
378 silly lifecycle nan@2.5.1~preinstall: no script for preinstall, continuing
379 silly lifecycle oracledb@1.13.1~preinstall: no script for preinstall, continuing
380 silly doReverseSerial remove 0
381 silly doSerial move 0
382 silly doSerial finalize 2
383 silly finalize C:\Users\Matheus\Desktop\TCC_Pre_banca\MVP\NJS\casa-do-codigo\node_modules\nan
384 silly finalize C:\Users\Matheus\Desktop\TCC_Pre_banca\MVP\NJS\casa-do-codigo\node_modules\oracledb
385 silly doSerial build 2
386 silly build nan@2.5.1
387 info linkStuff nan@2.5.1
388 silly linkStuff nan@2.5.1 has C:\Users\Matheus\Desktop\TCC_Pre_banca\MVP\NJS\casa-do-codigo\node_modules as its parent node_modules
389 verbose linkBins nan@2.5.1
390 verbose linkMans nan@2.5.1
391 silly build oracledb@1.13.1
392 info linkStuff oracledb@1.13.1
393 silly linkStuff oracledb@1.13.1 has C:\Users\Matheus\Desktop\TCC_Pre_banca\MVP\NJS\casa-do-codigo\node_modules as its parent node_modules
394 verbose linkBins oracledb@1.13.1
395 verbose linkMans oracledb@1.13.1
396 silly doSerial global-link 0
397 silly doParallel update-linked 0
398 silly doSerial install 2
399 silly install nan@2.5.1 C:\Users\Matheus\Desktop\TCC_Pre_banca\MVP\NJS\casa-do-codigo\node_modules\.staging\nan-d0513170
400 info lifecycle nan@2.5.1~install: nan@2.5.1
401 silly lifecycle nan@2.5.1~install: no script for install, continuing
402 silly install oracledb@1.13.1 C:\Users\Matheus\Desktop\TCC_Pre_banca\MVP\NJS\casa-do-codigo\node_modules\.staging\oracledb-d4e3f246
403 info lifecycle oracledb@1.13.1~install: oracledb@1.13.1
404 verbose lifecycle oracledb@1.13.1~install: unsafe-perm in lifecycle true
405 verbose lifecycle oracledb@1.13.1~install: PATH: C:\Program Files\nodejs\node_modules\npm\bin\node-gyp-bin;C:\Users\Matheus\Desktop\TCC_Pre_banca\MVP\NJS\casa-do-codigo\node_modules\oracledb\node_modules\.bin;C:\Users\Matheus\Desktop\TCC_Pre_banca\MVP\NJS\casa-do-codigo\node_modules\.bin;C:\Users\Matheus\bin;C:\Program Files\Git\mingw64\bin;C:\Program Files\Git\usr\local\bin;C:\Program Files\Git\usr\bin;C:\Program Files\Git\usr\bin;C:\Program Files\Git\mingw64\bin;C:\Program Files\Git\usr\bin;C:\Users\Matheus\bin;C:\Program Files\Java\jdk1.8.0_111;C:\Program Files\Java\jdk1.8.0_111\bin;C:\WINDOWS\system32;C:\Users\Matheus\AppData\Local\Microsoft\WindowsApps;C:\oraclexe\app\oracle\product\11.2.0\server\bin;C:\Program Files\Git\cmd;C:\WINDOWS\system32;C:\WINDOWS;C:\WINDOWS\System32\Wbem;C:\WINDOWS\System32\WindowsPowerShell\v1.0;C:\Program Files\nodejs;C:\Users\Matheus\AppData\Local\Microsoft\WindowsApps;C:\Program Files\Microsoft VS Code\bin;C:\Users\Matheus\AppData\Roaming\npm;C:\Program Files\Git\usr\bin\vendor_perl;C:\Program Files\Git\usr\bin\core_perl
406 verbose lifecycle oracledb@1.13.1~install: CWD: C:\Users\Matheus\Desktop\TCC_Pre_banca\MVP\NJS\casa-do-codigo\node_modules\oracledb
407 silly lifecycle oracledb@1.13.1~install: Args: [ '/d /s /c', 'node-gyp rebuild' ]
408 silly lifecycle oracledb@1.13.1~install: Returned: code: 1  signal: null
409 info lifecycle oracledb@1.13.1~install: Failed to exec install script
410 verbose unlock done using C:\Users\Matheus\AppData\Roaming\npm-cache\_locks\staging-1c167103f1d541ef.lock for C:\Users\Matheus\Desktop\TCC_Pre_banca\MVP\NJS\casa-do-codigo\node_modules\.staging
411 silly rollbackFailedOptional Starting
412 silly rollbackFailedOptional Finishing
413 silly runTopLevelLifecycles Finishing
414 silly install printInstalled
415 verbose stack Error: oracledb@1.13.1 install: `node-gyp rebuild`
415 verbose stack Exit status 1
415 verbose stack     at EventEmitter.<anonymous> (C:\Program Files\nodejs\node_modules\npm\lib\utils\lifecycle.js:255:16)
415 verbose stack     at emitTwo (events.js:106:13)
415 verbose stack     at EventEmitter.emit (events.js:191:7)
415 verbose stack     at ChildProcess.<anonymous> (C:\Program Files\nodejs\node_modules\npm\lib\utils\spawn.js:40:14)
415 verbose stack     at emitTwo (events.js:106:13)
415 verbose stack     at ChildProcess.emit (events.js:191:7)
415 verbose stack     at maybeClose (internal/child_process.js:891:16)
415 verbose stack     at Process.ChildProcess._handle.onexit (internal/child_process.js:226:5)
416 verbose pkgid oracledb@1.13.1
417 verbose cwd C:\Users\Matheus\Desktop\TCC_Pre_banca\MVP\NJS\casa-do-codigo
418 error Windows_NT 10.0.15063
419 error argv "C:\\Program Files\\nodejs\\node.exe" "C:\\Program Files\\nodejs\\node_modules\\npm\\bin\\npm-cli.js" "install" "oracledb" "--save"
420 error node v6.11.2
421 error npm  v3.10.10
422 error code ELIFECYCLE
423 error oracledb@1.13.1 install: `node-gyp rebuild`
423 error Exit status 1
424 error Failed at the oracledb@1.13.1 install script 'node-gyp rebuild'.
424 error Make sure you have the latest version of node.js and npm installed.
424 error If you do, this is most likely a problem with the oracledb package,
424 error not with npm itself.
424 error Tell the author that this fails on your system:
424 error     node-gyp rebuild
424 error You can get information on how to open an issue for this project with:
424 error     npm bugs oracledb
424 error Or if that isn't available, you can get their info via:
424 error     npm owner ls oracledb
424 error There is likely additional logging output above.
425 verbose exit [ 1, true ]
